[INFO] Scanning for projects...
Downloading from central: https://repo.maven.apache.org/maven2/org/springframework/boot/maven-metadata.xml
Downloading from central: https://repo.maven.apache.org/maven2/io/github/git-commit-id/maven-metadata.xml
Downloading from central: https://repo.maven.apache.org/maven2/org/cyclonedx/maven-metadata.xml
Downloading from central: https://repo.maven.apache.org/maven2/org/flywaydb/maven-metadata.xml
Downloading from central: https://repo.maven.apache.org/maven2/org/jetbrains/kotlin/maven-metadata.xml
Downloading from central: https://repo.maven.apache.org/maven2/org/jooq/maven-metadata.xml
Downloading from central: https://repo.maven.apache.org/maven2/org/liquibase/maven-metadata.xml
Downloading from central: https://repo.maven.apache.org/maven2/org/graalvm/buildtools/maven-metadata.xml
Downloading from central: https://repo.maven.apache.org/maven2/org/apache/maven/plugins/maven-metadata.xml
Downloading from central: https://repo.maven.apache.org/maven2/org/codehaus/mojo/maven-metadata.xml
[WARNING] Could not transfer metadata org.springframework.boot/maven-metadata.xml from/to central (https://repo.maven.apache.org/maven2): Permission denied: getsockopt
[WARNING] Could not transfer metadata org.cyclonedx/maven-metadata.xml from/to central (https://repo.maven.apache.org/maven2): Permission denied: getsockopt
[WARNING] Could not transfer metadata org.flywaydb/maven-metadata.xml from/to central (https://repo.maven.apache.org/maven2): Permission denied: getsockopt
[WARNING] Could not transfer metadata io.github.git-commit-id/maven-metadata.xml from/to central (https://repo.maven.apache.org/maven2): Permission denied: getsockopt
[WARNING] Could not transfer metadata org.jooq/maven-metadata.xml from/to central (https://repo.maven.apache.org/maven2): Permission denied: getsockopt
[WARNING] Could not transfer metadata org.jetbrains.kotlin/maven-metadata.xml from/to central (https://repo.maven.apache.org/maven2): Permission denied: getsockopt
[WARNING] Could not transfer metadata org.liquibase/maven-metadata.xml from/to central (https://repo.maven.apache.org/maven2): Permission denied: getsockopt
[WARNING] Could not transfer metadata org.graalvm.buildtools/maven-metadata.xml from/to central (https://repo.maven.apache.org/maven2): Permission denied: getsockopt
[WARNING] Could not transfer metadata org.apache.maven.plugins/maven-metadata.xml from/to central (https://repo.maven.apache.org/maven2): Permission denied: getsockopt
[WARNING] Could not transfer metadata org.codehaus.mojo/maven-metadata.xml from/to central (https://repo.maven.apache.org/maven2): Permission denied: getsockopt
[WARNING] org.springframework.boot/maven-metadata.xml failed to transfer from https://repo.maven.apache.org/maven2 during a previous attempt. This failure was cached in the local repository and resolution will not be reattempted until the update interval of central has elapsed or updates are forced. Original error: Could not transfer metadata org.springframework.boot/maven-metadata.xml from/to central (https://repo.maven.apache.org/maven2): Permission denied: getsockopt
[WARNING] org.cyclonedx/maven-metadata.xml failed to transfer from https://repo.maven.apache.org/maven2 during a previous attempt. This failure was cached in the local repository and resolution will not be reattempted until the update interval of central has elapsed or updates are forced. Original error: Could not transfer metadata org.cyclonedx/maven-metadata.xml from/to central (https://repo.maven.apache.org/maven2): Permission denied: getsockopt
[WARNING] org.flywaydb/maven-metadata.xml failed to transfer from https://repo.maven.apache.org/maven2 during a previous attempt. This failure was cached in the local repository and resolution will not be reattempted until the update interval of central has elapsed or updates are forced. Original error: Could not transfer metadata org.flywaydb/maven-metadata.xml from/to central (https://repo.maven.apache.org/maven2): Permission denied: getsockopt
[WARNING] io.github.git-commit-id/maven-metadata.xml failed to transfer from https://repo.maven.apache.org/maven2 during a previous attempt. This failure was cached in the local repository and resolution will not be reattempted until the update interval of central has elapsed or updates are forced. Original error: Could not transfer metadata io.github.git-commit-id/maven-metadata.xml from/to central (https://repo.maven.apache.org/maven2): Permission denied: getsockopt
[WARNING] org.jooq/maven-metadata.xml failed to transfer from https://repo.maven.apache.org/maven2 during a previous attempt. This failure was cached in the local repository and resolution will not be reattempted until the update interval of central has elapsed or updates are forced. Original error: Could not transfer metadata org.jooq/maven-metadata.xml from/to central (https://repo.maven.apache.org/maven2): Permission denied: getsockopt
[WARNING] org.jetbrains.kotlin/maven-metadata.xml failed to transfer from https://repo.maven.apache.org/maven2 during a previous attempt. This failure was cached in the local repository and resolution will not be reattempted until the update interval of central has elapsed or updates are forced. Original error: Could not transfer metadata org.jetbrains.kotlin/maven-metadata.xml from/to central (https://repo.maven.apache.org/maven2): Permission denied: getsockopt
[WARNING] org.liquibase/maven-metadata.xml failed to transfer from https://repo.maven.apache.org/maven2 during a previous attempt. This failure was cached in the local repository and resolution will not be reattempted until the update interval of central has elapsed or updates are forced. Original error: Could not transfer metadata org.liquibase/maven-metadata.xml from/to central (https://repo.maven.apache.org/maven2): Permission denied: getsockopt
[WARNING] org.graalvm.buildtools/maven-metadata.xml failed to transfer from https://repo.maven.apache.org/maven2 during a previous attempt. This failure was cached in the local repository and resolution will not be reattempted until the update interval of central has elapsed or updates are forced. Original error: Could not transfer metadata org.graalvm.buildtools/maven-metadata.xml from/to central (https://repo.maven.apache.org/maven2): Permission denied: getsockopt
[WARNING] org.apache.maven.plugins/maven-metadata.xml failed to transfer from https://repo.maven.apache.org/maven2 during a previous attempt. This failure was cached in the local repository and resolution will not be reattempted until the update interval of central has elapsed or updates are forced. Original error: Could not transfer metadata org.apache.maven.plugins/maven-metadata.xml from/to central (https://repo.maven.apache.org/maven2): Permission denied: getsockopt
[WARNING] org.codehaus.mojo/maven-metadata.xml failed to transfer from https://repo.maven.apache.org/maven2 during a previous attempt. This failure was cached in the local repository and resolution will not be reattempted until the update interval of central has elapsed or updates are forced. Original error: Could not transfer metadata org.codehaus.mojo/maven-metadata.xml from/to central (https://repo.maven.apache.org/maven2): Permission denied: getsockopt
[INFO] 
[INFO] ----------------------------< com.web:mdm >-----------------------------
[INFO] Building mdm 0.0.1-SNAPSHOT
[INFO]   from pom.xml
[INFO] --------------------------------[ jar ]---------------------------------
[WARNING] org.springframework.boot/maven-metadata.xml failed to transfer from https://repo.maven.apache.org/maven2 during a previous attempt. This failure was cached in the local repository and resolution will not be reattempted until the update interval of central has elapsed or updates are forced. Original error: Could not transfer metadata org.springframework.boot/maven-metadata.xml from/to central (https://repo.maven.apache.org/maven2): Permission denied: getsockopt
[WARNING] org.cyclonedx/maven-metadata.xml failed to transfer from https://repo.maven.apache.org/maven2 during a previous attempt. This failure was cached in the local repository and resolution will not be reattempted until the update interval of central has elapsed or updates are forced. Original error: Could not transfer metadata org.cyclonedx/maven-metadata.xml from/to central (https://repo.maven.apache.org/maven2): Permission denied: getsockopt
[WARNING] org.flywaydb/maven-metadata.xml failed to transfer from https://repo.maven.apache.org/maven2 during a previous attempt. This failure was cached in the local repository and resolution will not be reattempted until the update interval of central has elapsed or updates are forced. Original error: Could not transfer metadata org.flywaydb/maven-metadata.xml from/to central (https://repo.maven.apache.org/maven2): Permission denied: getsockopt
[WARNING] io.github.git-commit-id/maven-metadata.xml failed to transfer from https://repo.maven.apache.org/maven2 during a previous attempt. This failure was cached in the local repository and resolution will not be reattempted until the update interval of central has elapsed or updates are forced. Original error: Could not transfer metadata io.github.git-commit-id/maven-metadata.xml from/to central (https://repo.maven.apache.org/maven2): Permission denied: getsockopt
[WARNING] org.jooq/maven-metadata.xml failed to transfer from https://repo.maven.apache.org/maven2 during a previous attempt. This failure was cached in the local repository and resolution will not be reattempted until the update interval of central has elapsed or updates are forced. Original error: Could not transfer metadata org.jooq/maven-metadata.xml from/to central (https://repo.maven.apache.org/maven2): Permission denied: getsockopt
[WARNING] org.jetbrains.kotlin/maven-metadata.xml failed to transfer from https://repo.maven.apache.org/maven2 during a previous attempt. This failure was cached in the local repository and resolution will not be reattempted until the update interval of central has elapsed or updates are forced. Original error: Could not transfer metadata org.jetbrains.kotlin/maven-metadata.xml from/to central (https://repo.maven.apache.org/maven2): Permission denied: getsockopt
[WARNING] org.liquibase/maven-metadata.xml failed to transfer from https://repo.maven.apache.org/maven2 during a previous attempt. This failure was cached in the local repository and resolution will not be reattempted until the update interval of central has elapsed or updates are forced. Original error: Could not transfer metadata org.liquibase/maven-metadata.xml from/to central (https://repo.maven.apache.org/maven2): Permission denied: getsockopt
[WARNING] org.graalvm.buildtools/maven-metadata.xml failed to transfer from https://repo.maven.apache.org/maven2 during a previous attempt. This failure was cached in the local repository and resolution will not be reattempted until the update interval of central has elapsed or updates are forced. Original error: Could not transfer metadata org.graalvm.buildtools/maven-metadata.xml from/to central (https://repo.maven.apache.org/maven2): Permission denied: getsockopt
[WARNING] org.apache.maven.plugins/maven-metadata.xml failed to transfer from https://repo.maven.apache.org/maven2 during a previous attempt. This failure was cached in the local repository and resolution will not be reattempted until the update interval of central has elapsed or updates are forced. Original error: Could not transfer metadata org.apache.maven.plugins/maven-metadata.xml from/to central (https://repo.maven.apache.org/maven2): Permission denied: getsockopt
[WARNING] org.codehaus.mojo/maven-metadata.xml failed to transfer from https://repo.maven.apache.org/maven2 during a previous attempt. This failure was cached in the local repository and resolution will not be reattempted until the update interval of central has elapsed or updates are forced. Original error: Could not transfer metadata org.codehaus.mojo/maven-metadata.xml from/to central (https://repo.maven.apache.org/maven2): Permission denied: getsockopt
[WARNING] org.springframework.boot/maven-metadata.xml failed to transfer from https://repo.maven.apache.org/maven2 during a previous attempt. This failure was cached in the local repository and resolution will not be reattempted until the update interval of central has elapsed or updates are forced. Original error: Could not transfer metadata org.springframework.boot/maven-metadata.xml from/to central (https://repo.maven.apache.org/maven2): Permission denied: getsockopt
[WARNING] org.cyclonedx/maven-metadata.xml failed to transfer from https://repo.maven.apache.org/maven2 during a previous attempt. This failure was cached in the local repository and resolution will not be reattempted until the update interval of central has elapsed or updates are forced. Original error: Could not transfer metadata org.cyclonedx/maven-metadata.xml from/to central (https://repo.maven.apache.org/maven2): Permission denied: getsockopt
[WARNING] org.flywaydb/maven-metadata.xml failed to transfer from https://repo.maven.apache.org/maven2 during a previous attempt. This failure was cached in the local repository and resolution will not be reattempted until the update interval of central has elapsed or updates are forced. Original error: Could not transfer metadata org.flywaydb/maven-metadata.xml from/to central (https://repo.maven.apache.org/maven2): Permission denied: getsockopt
[WARNING] io.github.git-commit-id/maven-metadata.xml failed to transfer from https://repo.maven.apache.org/maven2 during a previous attempt. This failure was cached in the local repository and resolution will not be reattempted until the update interval of central has elapsed or updates are forced. Original error: Could not transfer metadata io.github.git-commit-id/maven-metadata.xml from/to central (https://repo.maven.apache.org/maven2): Permission denied: getsockopt
[WARNING] org.jooq/maven-metadata.xml failed to transfer from https://repo.maven.apache.org/maven2 during a previous attempt. This failure was cached in the local repository and resolution will not be reattempted until the update interval of central has elapsed or updates are forced. Original error: Could not transfer metadata org.jooq/maven-metadata.xml from/to central (https://repo.maven.apache.org/maven2): Permission denied: getsockopt
[WARNING] org.jetbrains.kotlin/maven-metadata.xml failed to transfer from https://repo.maven.apache.org/maven2 during a previous attempt. This failure was cached in the local repository and resolution will not be reattempted until the update interval of central has elapsed or updates are forced. Original error: Could not transfer metadata org.jetbrains.kotlin/maven-metadata.xml from/to central (https://repo.maven.apache.org/maven2): Permission denied: getsockopt
[WARNING] org.liquibase/maven-metadata.xml failed to transfer from https://repo.maven.apache.org/maven2 during a previous attempt. This failure was cached in the local repository and resolution will not be reattempted until the update interval of central has elapsed or updates are forced. Original error: Could not transfer metadata org.liquibase/maven-metadata.xml from/to central (https://repo.maven.apache.org/maven2): Permission denied: getsockopt
[WARNING] org.graalvm.buildtools/maven-metadata.xml failed to transfer from https://repo.maven.apache.org/maven2 during a previous attempt. This failure was cached in the local repository and resolution will not be reattempted until the update interval of central has elapsed or updates are forced. Original error: Could not transfer metadata org.graalvm.buildtools/maven-metadata.xml from/to central (https://repo.maven.apache.org/maven2): Permission denied: getsockopt
[WARNING] org.apache.maven.plugins/maven-metadata.xml failed to transfer from https://repo.maven.apache.org/maven2 during a previous attempt. This failure was cached in the local repository and resolution will not be reattempted until the update interval of central has elapsed or updates are forced. Original error: Could not transfer metadata org.apache.maven.plugins/maven-metadata.xml from/to central (https://repo.maven.apache.org/maven2): Permission denied: getsockopt
[WARNING] org.codehaus.mojo/maven-metadata.xml failed to transfer from https://repo.maven.apache.org/maven2 during a previous attempt. This failure was cached in the local repository and resolution will not be reattempted until the update interval of central has elapsed or updates are forced. Original error: Could not transfer metadata org.codehaus.mojo/maven-metadata.xml from/to central (https://repo.maven.apache.org/maven2): Permission denied: getsockopt
[INFO] 
[INFO] >>> spring-boot:4.0.2:run (default-cli) > test-compile @ mdm >>>
[INFO] 
[INFO] --- resources:3.3.1:resources (default-resources) @ mdm ---
[INFO] Copying 1 resource from src\main\resources to target\classes
[INFO] Copying 0 resource from src\main\resources to target\classes
[INFO] 
[INFO] --- compiler:3.14.1:compile (default-compile) @ mdm ---
[INFO] Nothing to compile - all classes are up to date.
[INFO] 
[INFO] --- resources:3.3.1:testResources (default-testResources) @ mdm ---
[INFO] skip non existing resourceDirectory C:\Users\mzaky\Downloads\MDM\backend\mdm\src\test\resources
[INFO] 
[INFO] --- compiler:3.14.1:testCompile (default-testCompile) @ mdm ---
[INFO] Nothing to compile - all classes are up to date.
[INFO] 
[INFO] <<< spring-boot:4.0.2:run (default-cli) < test-compile @ mdm <<<
[INFO] 
[INFO] 
[INFO] --- spring-boot:4.0.2:run (default-cli) @ mdm ---
Downloading from central: https://repo.maven.apache.org/maven2/org/springframework/boot/spring-boot-buildpack-platform/4.0.2/spring-boot-buildpack-platform-4.0.2.pom
Downloading from central: https://repo.maven.apache.org/maven2/org/springframework/boot/spring-boot-loader-tools/4.0.2/spring-boot-loader-tools-4.0.2.pom
Downloading from central: https://repo.maven.apache.org/maven2/org/apache/maven/plugins/maven-shade-plugin/3.6.0/maven-shade-plugin-3.6.0.pom
[INFO] ------------------------------------------------------------------------
[INFO] BUILD FAILURE
[INFO] ------------------------------------------------------------------------
[INFO] Total time:  10.587 s
[INFO] Finished at: 2026-04-03T09:21:44+01:00
[INFO] ------------------------------------------------------------------------
[ERROR] Failed to execute goal org.springframework.boot:spring-boot-maven-plugin:4.0.2:run (default-cli) on project mdm: Execution default-cli of goal org.springframework.boot:spring-boot-maven-plugin:4.0.2:run failed: Plugin org.springframework.boot:spring-boot-maven-plugin:4.0.2 or one of its dependencies could not be resolved:
[ERROR] 	Failed to read artifact descriptor for org.springframework.boot:spring-boot-buildpack-platform:jar:4.0.2
[ERROR] 	Failed to read artifact descriptor for org.springframework.boot:spring-boot-loader-tools:jar:4.0.2
[ERROR] 	Failed to read artifact descriptor for org.apache.maven.plugins:maven-shade-plugin:jar:3.6.0
[ERROR] 
[ERROR] -> [Help 1]
[ERROR] 
[ERROR] To see the full stack trace of the errors, re-run Maven with the -e switch.
[ERROR] Re-run Maven using the -X switch to enable full debug logging.
[ERROR] 
[ERROR] For more information about the errors and possible solutions, please read the following articles:
[ERROR] [Help 1] http://cwiki.apache.org/confluence/display/MAVEN/PluginResolutionException
